F:\Projects\Tron\Tron\src\web\Tron.Web\wwwroot\framework\libs\DCore\ajax.js
F:\Projects\Tron\Tron\src\web\Tron.Web\wwwroot\framework\libs\DCore\ajax.js.map
F:\Projects\Tron\Tron\src\web\Tron.Web\wwwroot\framework\libs\DCore\dcore-1.0.0.js
F:\Projects\Tron\Tron\src\web\Tron.Web\wwwroot\framework\libs\DCore\dcore-1.0.0.js.map
F:\Projects\Tron\Tron\src\web\Tron.Web\wwwroot\framework\libs\DCore\dcore-mvp.js
F:\Projects\Tron\Tron\src\web\Tron.Web\wwwroot\framework\libs\DCore\dcore-mvp.js.map
F:\Projects\Tron\Tron\src\web\Tron.Web\wwwroot\framework\libs\DCore\dcore-routing.js
F:\Projects\Tron\Tron\src\web\Tron.Web\wwwroot\framework\libs\DCore\dcore-routing.js.map
F:\Projects\Tron\Tron\src\web\Tron.Web\wwwroot\framework\libs\DCore\dcore-services.js
F:\Projects\Tron\Tron\src\web\Tron.Web\wwwroot\framework\libs\DCore\dcore-services.js.map
F:\Projects\Tron\Tron\src\web\Tron.Web\wwwroot\framework\libs\Extensions\dependency_loader_extension.js
F:\Projects\Tron\Tron\src\web\Tron.Web\wwwroot\framework\libs\Extensions\dependency_loader_extension.js.map
F:\Projects\Tron\Tron\src\web\Tron.Web\wwwroot\framework\libs\Extensions\handlebars_extensions.js
F:\Projects\Tron\Tron\src\web\Tron.Web\wwwroot\framework\libs\Extensions\handlebars_extensions.js.map
F:\Projects\Tron\Tron\src\web\Tron.Web\wwwroot\framework\libs\Extensions\localization_extension.js
F:\Projects\Tron\Tron\src\web\Tron.Web\wwwroot\framework\libs\Extensions\localization_extension.js.map
F:\Projects\Tron\Tron\src\web\Tron.Web\wwwroot\framework\libs\Extensions\mvp_extensions.js
F:\Projects\Tron\Tron\src\web\Tron.Web\wwwroot\framework\libs\Extensions\mvp_extensions.js.map
F:\Projects\Tron\Tron\src\web\Tron.Web\wwwroot\framework\libs\Extensions\templates_extensions.js
F:\Projects\Tron\Tron\src\web\Tron.Web\wwwroot\framework\libs\Extensions\templates_extensions.js.map
F:\Projects\Tron\Tron\src\web\Tron.Web\wwwroot\framework\libs\Extensions\WebSockets.js
F:\Projects\Tron\Tron\src\web\Tron.Web\wwwroot\framework\libs\Extensions\WebSockets.js.map
F:\Projects\Tron\Tron\src\web\Tron.Web\wwwroot\scripts\application\app.js
F:\Projects\Tron\Tron\src\web\Tron.Web\wwwroot\scripts\application\app.js.map
F:\Projects\Tron\Tron\src\web\Tron.Web\wwwroot\scripts\application\configurations\modules_config.js
F:\Projects\Tron\Tron\src\web\Tron.Web\wwwroot\scripts\application\configurations\modules_config.js.map
F:\Projects\Tron\Tron\src\web\Tron.Web\wwwroot\scripts\application\configurations\pages_config.js
F:\Projects\Tron\Tron\src\web\Tron.Web\wwwroot\scripts\application\configurations\pages_config.js.map
F:\Projects\Tron\Tron\src\web\Tron.Web\wwwroot\scripts\application\configurations\services_config.js
F:\Projects\Tron\Tron\src\web\Tron.Web\wwwroot\scripts\application\configurations\services_config.js.map
F:\Projects\Tron\Tron\src\web\Tron.Web\wwwroot\scripts\application\Constants.js
F:\Projects\Tron\Tron\src\web\Tron.Web\wwwroot\scripts\application\Constants.js.map
F:\Projects\Tron\Tron\src\web\Tron.Web\wwwroot\scripts\application\extensions\dependency_resolver.js
F:\Projects\Tron\Tron\src\web\Tron.Web\wwwroot\scripts\application\extensions\dependency_resolver.js.map
F:\Projects\Tron\Tron\src\web\Tron.Web\wwwroot\scripts\application\extensions\handlebars_extensions.js
F:\Projects\Tron\Tron\src\web\Tron.Web\wwwroot\scripts\application\extensions\handlebars_extensions.js.map
F:\Projects\Tron\Tron\src\web\Tron.Web\wwwroot\scripts\application\extensions\resource_loader.js
F:\Projects\Tron\Tron\src\web\Tron.Web\wwwroot\scripts\application\extensions\resource_loader.js.map
F:\Projects\Tron\Tron\src\web\Tron.Web\wwwroot\scripts\models\GameOptions.js
F:\Projects\Tron\Tron\src\web\Tron.Web\wwwroot\scripts\models\GameOptions.js.map
F:\Projects\Tron\Tron\src\web\Tron.Web\wwwroot\scripts\models\List.js
F:\Projects\Tron\Tron\src\web\Tron.Web\wwwroot\scripts\models\List.js.map
F:\Projects\Tron\Tron\src\web\Tron.Web\wwwroot\scripts\models\Tron\TronCoordinate.js
F:\Projects\Tron\Tron\src\web\Tron.Web\wwwroot\scripts\models\Tron\TronCoordinate.js.map
F:\Projects\Tron\Tron\src\web\Tron.Web\wwwroot\scripts\models\Tron\TronGameUpdate.js
F:\Projects\Tron\Tron\src\web\Tron.Web\wwwroot\scripts\models\Tron\TronGameUpdate.js.map
F:\Projects\Tron\Tron\src\web\Tron.Web\wwwroot\scripts\models\Tron\TronPlayer.js
F:\Projects\Tron\Tron\src\web\Tron.Web\wwwroot\scripts\models\Tron\TronPlayer.js.map
F:\Projects\Tron\Tron\src\web\Tron.Web\wwwroot\scripts\models\Tron\TronPlayerUpdate.js
F:\Projects\Tron\Tron\src\web\Tron.Web\wwwroot\scripts\models\Tron\TronPlayerUpdate.js.map
F:\Projects\Tron\Tron\src\web\Tron.Web\wwwroot\scripts\models\User.js
F:\Projects\Tron\Tron\src\web\Tron.Web\wwwroot\scripts\models\User.js.map
F:\Projects\Tron\Tron\src\web\Tron.Web\wwwroot\scripts\models\WebSocketMessage.js
F:\Projects\Tron\Tron\src\web\Tron.Web\wwwroot\scripts\models\WebSocketMessage.js.map
F:\Projects\Tron\Tron\src\web\Tron.Web\wwwroot\scripts\modules\BaseModule.js
F:\Projects\Tron\Tron\src\web\Tron.Web\wwwroot\scripts\modules\BaseModule.js.map
F:\Projects\Tron\Tron\src\web\Tron.Web\wwwroot\scripts\modules\GamesModule.js
F:\Projects\Tron\Tron\src\web\Tron.Web\wwwroot\scripts\modules\GamesModule.js.map
F:\Projects\Tron\Tron\src\web\Tron.Web\wwwroot\scripts\modules\Tron\TronModule.js
F:\Projects\Tron\Tron\src\web\Tron.Web\wwwroot\scripts\modules\Tron\TronModule.js.map
F:\Projects\Tron\Tron\src\web\Tron.Web\wwwroot\scripts\presenters\GamesPresenter.js
F:\Projects\Tron\Tron\src\web\Tron.Web\wwwroot\scripts\presenters\GamesPresenter.js.map
F:\Projects\Tron\Tron\src\web\Tron.Web\wwwroot\scripts\presenters\Tron\TronPresenter.js
F:\Projects\Tron\Tron\src\web\Tron.Web\wwwroot\scripts\presenters\Tron\TronPresenter.js.map
F:\Projects\Tron\Tron\src\web\Tron.Web\wwwroot\scripts\services\BaseService.js
F:\Projects\Tron\Tron\src\web\Tron.Web\wwwroot\scripts\services\BaseService.js.map
F:\Projects\Tron\Tron\src\web\Tron.Web\wwwroot\scripts\services\GameService.js
F:\Projects\Tron\Tron\src\web\Tron.Web\wwwroot\scripts\services\GameService.js.map
F:\Projects\Tron\Tron\src\web\Tron.Web\wwwroot\scripts\services\UsersService.js
F:\Projects\Tron\Tron\src\web\Tron.Web\wwwroot\scripts\services\UsersService.js.map
F:\Projects\Tron\Tron\src\web\Tron.Web\wwwroot\scripts\services\utils\CookieService.js
F:\Projects\Tron\Tron\src\web\Tron.Web\wwwroot\scripts\services\utils\CookieService.js.map
F:\Projects\Tron\Tron\src\web\Tron.Web\wwwroot\scripts\services\utils\DependencyService.js
F:\Projects\Tron\Tron\src\web\Tron.Web\wwwroot\scripts\services\utils\DependencyService.js.map
F:\Projects\Tron\Tron\src\web\Tron.Web\wwwroot\scripts\services\utils\WebSocketService.js
F:\Projects\Tron\Tron\src\web\Tron.Web\wwwroot\scripts\services\utils\WebSocketService.js.map
F:\Projects\Tron\Tron\src\web\Tron.Web\wwwroot\scripts\views\GamesView.js
F:\Projects\Tron\Tron\src\web\Tron.Web\wwwroot\scripts\views\GamesView.js.map
F:\Projects\Tron\Tron\src\web\Tron.Web\wwwroot\scripts\views\Tron\TronView.js
F:\Projects\Tron\Tron\src\web\Tron.Web\wwwroot\scripts\views\Tron\TronView.js.map
